<?xml version="1.0" encoding="UTF-8"?>
<!-- Generated by org.testng.reporters.JUnitReportReporter -->
<testsuite hostname="DESKTOP-R6HG570" failures="0" tests="1" name="testCases.Loggin" time="23.659" errors="0" timestamp="2023-12-07T16:39:27 IST" skipped="0">
  <testcase classname="testCases.Loggin" name="loggin" time="23.659"/>
</testsuite> <!-- testCases.Loggin -->
